<?xml version="1.0" encoding="utf-8"?><testsuites name="pytest tests"><testsuite name="pytest" errors="0" failures="1" skipped="0" tests="35" time="11.273" timestamp="2026-05-19T06:24:58.512072+00:00" hostname="agent-env-92f8b745-9c95-4840-a28b-37c3ecbde267"><testcase classname="backend.tests.test_admin_manager_v2.TestRoleRefactor" name="test_ra_role_is_research" time="0.382" /><testcase classname="backend.tests.test_admin_manager_v2.TestRoleRefactor" name="test_dq_still_works" time="0.325" /><testcase classname="backend.tests.test_admin_manager_v2.TestForgotReset" name="test_forgot_unknown_email_200" time="0.101" /><testcase classname="backend.tests.test_admin_manager_v2.TestForgotReset" name="test_forgot_writes_outbox_and_reset_succeeds" time="1.140" /><testcase classname="backend.tests.test_admin_manager_v2.TestForgotReset" name="test_reset_password_works_and_relogin" time="0.669" /><testcase classname="backend.tests.test_admin_manager_v2.TestForgotReset" name="test_reset_password_reused_token_rejected" time="0.115" /><testcase classname="backend.tests.test_admin_manager_v2.TestOutboxRBAC" name="test_admin_can_list" time="0.102" /><testcase classname="backend.tests.test_admin_manager_v2.TestOutboxRBAC" name="test_manager_403" time="0.453" /><testcase classname="backend.tests.test_admin_manager_v2.TestOutboxRBAC" name="test_admin_delete_entry" time="0.670" /><testcase classname="backend.tests.test_admin_manager_v2.TestContacts" name="test_emp_id_required" time="0.113" /><testcase classname="backend.tests.test_admin_manager_v2.TestContacts" name="test_doj_required" time="0.105" /><testcase classname="backend.tests.test_admin_manager_v2.TestContacts" name="test_create_triggers_outbox_with_password" time="0.970" /><testcase classname="backend.tests.test_admin_manager_v2.TestContacts" name="test_admin_reset_password_outbox" time="0.870" /><testcase classname="backend.tests.test_admin_manager_v2.TestContacts" name="test_contacts_pagination_shape" time="0.102" /><testcase classname="backend.tests.test_admin_manager_v2.TestContacts" name="test_contacts_no_page_param_returns_array" time="0.107" /><testcase classname="backend.tests.test_admin_manager_v2.TestContacts" name="test_contacts_export_csv_admin" time="0.145" /><testcase classname="backend.tests.test_admin_manager_v2.TestContacts" name="test_contacts_export_csv_manager_403" time="0.109" /><testcase classname="backend.tests.test_admin_manager_v2.TestContacts" name="test_bulk_status_deactivate_then_restore" time="0.429" /><testcase classname="backend.tests.test_admin_manager_v2.TestContacts" name="test_bulk_status_self_rejects" time="0.096" /><testcase classname="backend.tests.test_admin_manager_v2.TestContacts" name="test_bulk_role" time="0.228" /><testcase classname="backend.tests.test_admin_manager_v2.TestTicketsListing" name="test_paginated_shape" time="0.106" /><testcase classname="backend.tests.test_admin_manager_v2.TestTicketsListing" name="test_plain_array_no_page" time="0.102" /><testcase classname="backend.tests.test_admin_manager_v2.TestTicketsListing" name="test_export_csv" time="0.106" /><testcase classname="backend.tests.test_admin_manager_v2.TestTeamColors" name="test_palette_30_with_suggested" time="0.099" /><testcase classname="backend.tests.test_admin_manager_v2.TestTeamColors" name="test_create_team_auto_assigns_unique_color" time="0.322" /><testcase classname="backend.tests.test_admin_manager_v2.TestEmailTemplates" name="test_admin_lists_seeded" time="0.098" /><testcase classname="backend.tests.test_admin_manager_v2.TestEmailTemplates" name="test_manager_lists" time="0.112" /><testcase classname="backend.tests.test_admin_manager_v2.TestEmailTemplates" name="test_manager_can_only_toggle_status" time="0.433" /><testcase classname="backend.tests.test_admin_manager_v2.TestEmailTemplates" name="test_admin_full_edit_and_create_and_dup_and_delete" time="0.520" /><testcase classname="backend.tests.test_admin_manager_v2.TestEmailTemplates" name="test_manager_create_403" time="0.098" /><testcase classname="backend.tests.test_admin_manager_v2.TestEmailTemplates" name="test_delete_system_template_forbidden" time="0.200" /><testcase classname="backend.tests.test_admin_manager_v2.TestEmailTemplates" name="test_inactive_forgot_password_suppresses_outbox" time="1.167" /><testcase classname="backend.tests.test_admin_manager_v2.TestPermissionsV2" name="test_schema_has_scoped_actions" time="0.104" /><testcase classname="backend.tests.test_admin_manager_v2.TestPermissionsV2" name="test_bulk_save_with_mixed_values" time="0.304"><failure message="AssertionError: {&quot;detail&quot;:[{&quot;type&quot;:&quot;bool_parsing&quot;,&quot;loc&quot;:[&quot;body&quot;,&quot;rules&quot;,17,&quot;actions&quot;,&quot;view&quot;],&quot;msg&quot;:&quot;Input should be a valid boolean, unable to interpret input&quot;,&quot;input&quot;:&quot;respective&quot;,&quot;url&quot;:&quot;https://errors.pydantic.dev/2.13/v/bool_parsing&quot;},{&quot;type&quot;:&quot;bool_parsing&quot;,&quot;loc&quot;:[&quot;body&quot;,&quot;rules&quot;,17,&quot;actions&quot;,&quot;assign&quot;],&quot;msg&quot;:&quot;Input should be a valid boolean, unable to interpret input&quot;,&quot;input&quot;:&quot;all&quot;,&quot;url&quot;:&quot;https://errors.pydantic.dev/2.13/v/bool_parsing&quot;}]}&#10;assert 422 == 200&#10; +  where 422 = &lt;Response [422]&gt;.status_code">backend/tests/test_admin_manager_v2.py:455: in test_bulk_save_with_mixed_values
    assert r.status_code == 200, r.text
E   AssertionError: {"detail":[{"type":"bool_parsing","loc":["body","rules",17,"actions","view"],"msg":"Input should be a valid boolean, unable to interpret input","input":"respective","url":"https://errors.pydantic.dev/2.13/v/bool_parsing"},{"type":"bool_parsing","loc":["body","rules",17,"actions","assign"],"msg":"Input should be a valid boolean, unable to interpret input","input":"all","url":"https://errors.pydantic.dev/2.13/v/bool_parsing"}]}
E   assert 422 == 200
E    +  where 422 = &lt;Response [422]&gt;.status_code</failure></testcase><testcase classname="backend.tests.test_admin_manager_v2.TestPermissionsV2" name="test_effective_precedence" time="0.128" /></testsuite></testsuites>