<?xml version="1.0" encoding="utf-8"?><testsuites name="pytest tests"><testsuite name="pytest" errors="0" failures="1" skipped="0" tests="13" time="4.453" timestamp="2026-06-15T10:37:33.347640+00:00" hostname="agent-env-618a8381-7d1b-487c-9b63-032bce2fb5df"><testcase classname="backend.tests.test_contact_bulk_upload.TestSampleTemplate" name="test_requires_auth" time="0.241" /><testcase classname="backend.tests.test_contact_bulk_upload.TestSampleTemplate" name="test_template_download" time="0.431" /><testcase classname="backend.tests.test_contact_bulk_upload.TestBulkUploadValidations" name="test_rejects_csv" time="0.098" /><testcase classname="backend.tests.test_contact_bulk_upload.TestBulkUploadValidations" name="test_missing_required_header" time="0.106" /><testcase classname="backend.tests.test_contact_bulk_upload.TestBulkUploadValidations" name="test_requires_auth" time="0.143" /><testcase classname="backend.tests.test_contact_bulk_upload.TestBulkUploadHappy" name="test_all_valid_rows_inserted" time="0.681" /><testcase classname="backend.tests.test_contact_bulk_upload.TestBulkUploadPartial" name="test_mixed_file_partial" time="1.129"><failure message="AssertionError: assert 'Duplicate Email' in 'Email Address is required | Employee Code is required | Role is required | Role must be one of: Admin, Super Admin | Date of Joining must be YYYY-MM-DD | Email already exists in system | Employee Code already exists in system | Email already exists in system | Employee Code already exists in system'">backend/tests/test_contact_bulk_upload.py:239: in test_mixed_file_partial
    assert "Duplicate Email" in all_reasons
E   AssertionError: assert 'Duplicate Email' in 'Email Address is required | Employee Code is required | Role is required | Role must be one of: Admin, Super Admin | Date of Joining must be YYYY-MM-DD | Email already exists in system | Employee Code already exists in system | Email already exists in system | Employee Code already exists in system'</failure></testcase><testcase classname="backend.tests.test_contact_bulk_upload.TestManagerLookup" name="test_manager_not_found_fails" time="0.100" /><testcase classname="backend.tests.test_contact_bulk_upload.TestUploadHistory" name="test_list_excludes_errors" time="0.170" /><testcase classname="backend.tests.test_contact_bulk_upload.TestUploadHistory" name="test_detail_includes_errors" time="0.186" /><testcase classname="backend.tests.test_contact_bulk_upload.TestUploadHistory" name="test_error_report_xlsx" time="0.236" /><testcase classname="backend.tests.test_contact_bulk_upload.TestSingleCreateRegression" name="test_create_without_optional_fields" time="0.315" /><testcase classname="backend.tests.test_contact_bulk_upload.TestSingleCreateRegression" name="test_create_with_optional_fields" time="0.317" /></testsuite></testsuites>