<?xml version="1.0" encoding="utf-8"?><testsuites name="pytest tests"><testsuite name="pytest" errors="0" failures="0" skipped="0" tests="25" time="7.007" timestamp="2026-05-12T10:03:05.358150+00:00" hostname="agent-env-f12d20f9-3d49-4a99-9983-b25d2eab2887"><testcase classname="backend.tests.test_ticketing.TestAuth" name="test_login_admin" time="0.519" /><testcase classname="backend.tests.test_ticketing.TestAuth" name="test_login_ra" time="0.367" /><testcase classname="backend.tests.test_ticketing.TestAuth" name="test_login_dq" time="0.370" /><testcase classname="backend.tests.test_ticketing.TestAuth" name="test_invalid_credentials" time="0.326" /><testcase classname="backend.tests.test_ticketing.TestAuth" name="test_me" time="0.599" /><testcase classname="backend.tests.test_ticketing.TestAuth" name="test_logout" time="0.104" /><testcase classname="backend.tests.test_ticketing.TestContacts" name="test_admin_lists_all" time="0.098" /><testcase classname="backend.tests.test_ticketing.TestContacts" name="test_create_and_toggle_status" time="0.687" /><testcase classname="backend.tests.test_ticketing.TestContacts" name="test_ra_cannot_create_contact" time="0.112" /><testcase classname="backend.tests.test_ticketing.TestTickets" name="test_create_ticket" time="0.178" /><testcase classname="backend.tests.test_ticketing.TestTickets" name="test_dq_cannot_create" time="0.120" /><testcase classname="backend.tests.test_ticketing.TestTickets" name="test_ra_cannot_set_status" time="0.101" /><testcase classname="backend.tests.test_ticketing.TestTickets" name="test_scope_mine_ra" time="0.120" /><testcase classname="backend.tests.test_ticketing.TestTickets" name="test_scope_unassigned" time="0.137" /><testcase classname="backend.tests.test_ticketing.TestTickets" name="test_dq_self_assign_then_status" time="0.306" /><testcase classname="backend.tests.test_ticketing.TestTickets" name="test_dq_cannot_assign_other" time="0.637" /><testcase classname="backend.tests.test_ticketing.TestTickets" name="test_dq_cannot_status_others" time="0.140" /><testcase classname="backend.tests.test_ticketing.TestTickets" name="test_scope_assigned_dq" time="0.144" /><testcase classname="backend.tests.test_ticketing.TestTickets" name="test_admin_reassign" time="0.136" /><testcase classname="backend.tests.test_ticketing.TestTickets" name="test_bulk_assign_dq_self" time="0.398" /><testcase classname="backend.tests.test_ticketing.TestTickets" name="test_bulk_assign_admin" time="0.295" /><testcase classname="backend.tests.test_ticketing.TestDashboard" name="test_stats_admin" time="0.122" /><testcase classname="backend.tests.test_ticketing.TestDashboard" name="test_dq_perf_admin_only" time="0.247" /><testcase classname="backend.tests.test_ticketing.TestDashboard" name="test_recent" time="0.104" /><testcase classname="backend.tests.test_ticketing.TestCommentsActivity" name="test_comment_and_activity" time="0.552" /></testsuite></testsuites>